0 info it worked if it ends with ok
1 verbose cli [ 'node', '/Users/benhulan/.nvm/v0.10.35/bin/npm', 'run', 'dev' ]
2 info using npm@3.3.9
3 info using node@v0.10.35
4 verbose stack Error: missing script: dev
4 verbose stack     at run (/Users/benhulan/.nvm/v0.10.35/lib/node_modules/npm/lib/run-script.js:148:19)
4 verbose stack     at /Users/benhulan/.nvm/v0.10.35/lib/node_modules/npm/lib/run-script.js:58:5
4 verbose stack     at /Users/benhulan/.nvm/v0.10.35/lib/node_modules/npm/node_modules/read-package-json/read-json.js:345:5
4 verbose stack     at checkBinReferences_ (/Users/benhulan/.nvm/v0.10.35/lib/node_modules/npm/node_modules/read-package-json/read-json.js:309:45)
4 verbose stack     at final (/Users/benhulan/.nvm/v0.10.35/lib/node_modules/npm/node_modules/read-package-json/read-json.js:343:3)
4 verbose stack     at then (/Users/benhulan/.nvm/v0.10.35/lib/node_modules/npm/node_modules/read-package-json/read-json.js:113:5)
4 verbose stack     at /Users/benhulan/.nvm/v0.10.35/lib/node_modules/npm/node_modules/read-package-json/read-json.js:300:12
4 verbose stack     at /Users/benhulan/.nvm/v0.10.35/lib/node_modules/npm/node_modules/graceful-fs/graceful-fs.js:76:16
4 verbose stack     at fs.js:272:14
4 verbose stack     at /Users/benhulan/.nvm/v0.10.35/lib/node_modules/npm/node_modules/graceful-fs/graceful-fs.js:42:10
5 verbose cwd /Users/benhulan/Developer/GA/_RESOURCES/ANGULAR-DUMP/mean-me
6 error Darwin 14.5.0
7 error argv "node" "/Users/benhulan/.nvm/v0.10.35/bin/npm" "run" "dev"
8 error node v0.10.35
9 error npm  v3.3.9
10 error missing script: dev
11 error If you need help, you may report this error at:
11 error     <https://github.com/npm/npm/issues>
12 verbose exit [ 1, true ]
